2026-01-20 07:33:41 [INFO] Running step: scan_datasets
2026-01-20 07:33:42 [INFO] Step scan_datasets finished in 0.33s
2026-01-20 07:33:42 [INFO] Running step: preprocess
2026-01-20 07:33:42 [INFO] Step preprocess finished in 0.62s
2026-01-20 07:33:42 [INFO] Running step: generate_dates
2026-01-20 07:33:43 [INFO] Step generate_dates finished in 0.80s
2026-01-20 07:33:43 [INFO] generate_dates stderr:
Traceback (most recent call last):
  File "C:\Users\Ludwig Rivera\Downloads\Dl Gen\Dlgeneratorappredesign\tools\generate_dates.py", line 255, in <module>
    main()
    ~~~~^^
  File "C:\Users\Ludwig Rivera\Downloads\Dl Gen\Dlgeneratorappredesign\tools\generate_dates.py", line 236, in main
    result = asyncio.run(generate_images(run_dir, config, args.tier, start_date))
  File "C:\Python313\Lib\asyncio\runners.py", line 195, in run
    return runner.run(main)
           ~~~~~~~~~~^^^^^^
  File "C:\Python313\Lib\asyncio\runners.py", line 118, in run
    return self._loop.run_until_complete(task)
           ~~~~~~~~~~~~~~~~~~~~~~~~~~~~~^^^^^^
  File "C:\Python313\Lib\asyncio\base_events.py", line 725, in run_until_complete
    return future.result()
           ~~~~~~~~~~~~~^^
  File "C:\Users\Ludwig Rivera\Downloads\Dl Gen\Dlgeneratorappredesign\tools\generate_dates.py", line 135, in generate_images
    generator = resolve_generator(config)
  File "C:\Users\Ludwig Rivera\Downloads\Dl Gen\Dlgeneratorappredesign\tools\generate_dates.py", line 96, in resolve_generator
    generator = _load_callable(gen_cfg["module"], gen_cfg["callable"])
  File "C:\Users\Ludwig Rivera\Downloads\Dl Gen\Dlgeneratorappredesign\tools\generate_dates.py", line 39, in _load_callable
    module = importlib.import_module(module_path)
  File "C:\Python313\Lib\importlib\__init__.py", line 88, in import_module
    return _bootstrap._gcd_import(name[level:], package, level)
           ~~~~~~~~~~~~~~~~~~~~~~^^^^^^^^^^^^^^^^^^^^^^^^^^^^^^
  File "<frozen importlib._bootstrap>", line 1387, in _gcd_import
  File "<frozen importlib._bootstrap>", line 1360, in _find_and_load
  File "<frozen importlib._bootstrap>", line 1310, in _find_and_load_unlocked
  File "<frozen importlib._bootstrap>", line 488, in _call_with_frames_removed
  File "<frozen importlib._bootstrap>", line 1387, in _gcd_import
  File "<frozen importlib._bootstrap>", line 1360, in _find_and_load
  File "<frozen importlib._bootstrap>", line 1331, in _find_and_load_unlocked
  File "<frozen importlib._bootstrap>", line 935, in _load_unlocked
  File "<frozen importlib._bootstrap_external>", line 1026, in exec_module
  File "<frozen importlib._bootstrap>", line 488, in _call_with_frames_removed
  File "C:\Users\Ludwig Rivera\Downloads\Dl Gen\Dlgeneratorappredesign\backend\app\services\__init__.py", line 7, in <module>
    from .lark_bot_service import LarkBotService, lark_bot_service
  File "C:\Users\Ludwig Rivera\Downloads\Dl Gen\Dlgeneratorappredesign\backend\app\services\lark_bot_service.py", line 18, in <module>
    from app.database import async_session, LarkBotConfig, SignatureApprovalRequest, SignatureAsset, AuditLog
ModuleNotFoundError: No module named 'app'

2026-01-20 07:33:43 [ERROR] Stress test failed: Step generate_dates failed with code 1
